[debug] [2018-10-18T03:09:14.322Z] ----------------------------------------------------------------------
[debug] [2018-10-18T03:09:14.324Z] Command:       C:\Program Files\nodejs\node.exe C:\Users\juani\AppData\Roaming\npm\node_modules\firebase-tools\bin\firebase serve
[debug] [2018-10-18T03:09:14.325Z] CLI Version:   5.1.1
[debug] [2018-10-18T03:09:14.325Z] Platform:      win32
[debug] [2018-10-18T03:09:14.325Z] Node Version:  v8.10.0
[debug] [2018-10-18T03:09:14.325Z] Time:          Thu Oct 18 2018 10:09:14 GMT+0700 (SE Asia Standard Time)
[debug] [2018-10-18T03:09:14.325Z] ----------------------------------------------------------------------
[debug] 
[debug] [2018-10-18T03:09:14.335Z] > command requires scopes: ["email","openid","https://www.googleapis.com/auth/cloudplatformprojects.readonly","https://www.googleapis.com/auth/firebase","https://www.googleapis.com/auth/cloud-platform"]
[debug] [2018-10-18T03:09:14.336Z] > authorizing via signed-in user
[debug] [2018-10-18T03:09:14.336Z] [iam] checking project homie-6702b for permissions ["firebase.projects.get"]
[debug] [2018-10-18T03:09:14.338Z] >>> HTTP REQUEST POST https://cloudresourcemanager.googleapis.com/v1/projects/homie-6702b:testIamPermissions  

[debug] [2018-10-18T03:09:16.310Z] <<< HTTP RESPONSE 200
[debug] [2018-10-18T03:09:16.311Z] >>> HTTP REQUEST GET https://cloudresourcemanager.googleapis.com/v1/projects/homie-6702b  
 
[debug] [2018-10-18T03:09:18.560Z] <<< HTTP RESPONSE 200
[info] 
[info] === Serving from 'C:\Users\juani\Desktop\smart-home-react'...
[info] 
[info] i  functions: Preparing to emulate functions.
[debug] [2018-10-18T03:09:19.427Z] Fetching environment
[debug] [2018-10-18T03:09:19.431Z] >>> HTTP REQUEST GET https://mobilesdk-pa.googleapis.com/v1/projects/654798426208:getServerAppConfig  
 
[debug] [2018-10-18T03:09:19.431Z] >>> HTTP REQUEST GET https://mobilesdk-pa.googleapis.com/v1/projects/654798426208/clients/_:getWebAppConfig  
 
[debug] [2018-10-18T03:09:20.258Z] <<< HTTP RESPONSE 200
[debug] [2018-10-18T03:09:20.258Z] Starting @google-cloud/functions-emulator
[debug] [2018-10-18T03:09:20.315Z] <<< HTTP RESPONSE 200
[info] i  hosting: Serving hosting files from: public
[info] +  hosting: Local server: http://localhost:5000
[debug] [2018-10-18T03:09:22.808Z] Parsing function triggers
[warn] !  functions: Failed to load functions source code. Ensure that you have the latest SDK by running npm i --save firebase-functions inside the functions directory.
[debug] [2018-10-18T03:09:23.011Z] Error during trigger parsing:  Error parsing triggers: Cannot find module 'firebase-functions'

Try running "npm install" in your functions directory before deploying.
[warn] !  functions: Error from emulator. Error parsing triggers: Cannot find module 'firebase-functions'

Try running "npm install" in your functions directory before deploying.
[debug] [2018-10-18T03:09:23.013Z] 
